{"/Users/mjr/repos/mjrouser-2.0/test/jestSetup.js": {"path":"/Users/mjr/repos/mjrouser-2.0/test/jestSetup.js","statementMap":{"0":{"start":{"line":6,"column":0},"end":{"line":6,"column":45}},"1":{"start":{"line":9,"column":0},"end":{"line":9,"column":25}},"2":{"start":{"line":10,"column":0},"end":{"line":10,"column":23}},"3":{"start":{"line":11,"column":0},"end":{"line":11,"column":21}},"4":{"start":{"line":14,"column":0},"end":{"line":16,"column":2}},"5":{"start":{"line":15,"column":3},"end":{"line":15,"column":28}}},"fnMap":{"0":{"name":"(anonymous_0)","decl":{"start":{"line":14,"column":16},"end":{"line":14,"column":17}},"loc":{"start":{"line":14,"column":27},"end":{"line":16,"column":1}},"line":14}},"branchMap":{},"s":{"0":14,"1":14,"2":14,"3":14,"4":14,"5":0},"f":{"0":0},"b":{},"_coverageSchema":"332fd63041d2c1bcb487cc26dd0d5f7d97098a6c","hash":"abbd93e44d819035d6f91e06b2992dabc972b6c9"}
,"/Users/mjr/repos/mjrouser-2.0/test/shim.js": {"path":"/Users/mjr/repos/mjrouser-2.0/test/shim.js","statementMap":{"0":{"start":{"line":1,"column":0},"end":{"line":3,"column":2}},"1":{"start":{"line":2,"column":4},"end":{"line":2,"column":28}}},"fnMap":{"0":{"name":"(anonymous_0)","decl":{"start":{"line":1,"column":31},"end":{"line":1,"column":32}},"loc":{"start":{"line":1,"column":45},"end":{"line":3,"column":1}},"line":1}},"branchMap":{},"s":{"0":14,"1":0},"f":{"0":0},"b":{},"_coverageSchema":"332fd63041d2c1bcb487cc26dd0d5f7d97098a6c","hash":"2f9c8b2f25c9864c62cc75fe68a285229b70aa35"}
,"/Users/mjr/repos/mjrouser-2.0/themes/massively/Massively.js": {"path":"/Users/mjr/repos/mjrouser-2.0/themes/massively/Massively.js","statementMap":{"0":{"start":{"line":25,"column":4},"end":{"line":25,"column":17}},"1":{"start":{"line":26,"column":4},"end":{"line":30,"column":6}},"2":{"start":{"line":34,"column":4},"end":{"line":36,"column":7}},"3":{"start":{"line":40,"column":4},"end":{"line":42,"column":7}},"4":{"start":{"line":46,"column":4},"end":{"line":46,"column":34}},"5":{"start":{"line":50,"column":25},"end":{"line":50,"column":48}},"6":{"start":{"line":51,"column":4},"end":{"line":55,"column":7}},"7":{"start":{"line":52,"column":6},"end":{"line":54,"column":8}},"8":{"start":{"line":59,"column":20},"end":{"line":61,"column":6}},"9":{"start":{"line":63,"column":21},"end":{"line":70,"column":6}},"10":{"start":{"line":64,"column":6},"end":{"line":69,"column":9}},"11":{"start":{"line":67,"column":26},"end":{"line":67,"column":43}},"12":{"start":{"line":68,"column":25},"end":{"line":68,"column":41}},"13":{"start":{"line":72,"column":4},"end":{"line":78,"column":6}}},"fnMap":{"0":{"name":"(anonymous_0)","decl":{"start":{"line":24,"column":2},"end":{"line":24,"column":3}},"loc":{"start":{"line":24,"column":21},"end":{"line":31,"column":3}},"line":24},"1":{"name":"(anonymous_1)","decl":{"start":{"line":33,"column":2},"end":{"line":33,"column":3}},"loc":{"start":{"line":33,"column":14},"end":{"line":37,"column":3}},"line":33},"2":{"name":"(anonymous_2)","decl":{"start":{"line":39,"column":2},"end":{"line":39,"column":3}},"loc":{"start":{"line":39,"column":15},"end":{"line":43,"column":3}},"line":39},"3":{"name":"(anonymous_3)","decl":{"start":{"line":45,"column":2},"end":{"line":45,"column":3}},"loc":{"start":{"line":45,"column":28},"end":{"line":47,"column":3}},"line":45},"4":{"name":"(anonymous_4)","decl":{"start":{"line":49,"column":2},"end":{"line":49,"column":3}},"loc":{"start":{"line":49,"column":39},"end":{"line":56,"column":3}},"line":49},"5":{"name":"(anonymous_5)","decl":{"start":{"line":51,"column":18},"end":{"line":51,"column":19}},"loc":{"start":{"line":51,"column":40},"end":{"line":55,"column":5}},"line":51},"6":{"name":"(anonymous_6)","decl":{"start":{"line":58,"column":2},"end":{"line":58,"column":3}},"loc":{"start":{"line":58,"column":11},"end":{"line":79,"column":3}},"line":58},"7":{"name":"(anonymous_7)","decl":{"start":{"line":63,"column":61},"end":{"line":63,"column":62}},"loc":{"start":{"line":63,"column":70},"end":{"line":70,"column":5}},"line":63},"8":{"name":"(anonymous_8)","decl":{"start":{"line":67,"column":20},"end":{"line":67,"column":21}},"loc":{"start":{"line":67,"column":26},"end":{"line":67,"column":43}},"line":67},"9":{"name":"(anonymous_9)","decl":{"start":{"line":68,"column":19},"end":{"line":68,"column":20}},"loc":{"start":{"line":68,"column":25},"end":{"line":68,"column":41}},"line":68}},"branchMap":{},"s":{"0":1,"1":1,"2":0,"3":0,"4":0,"5":0,"6":0,"7":0,"8":1,"9":1,"10":0,"11":0,"12":0,"13":1},"f":{"0":1,"1":0,"2":0,"3":0,"4":0,"5":0,"6":1,"7":0,"8":0,"9":0},"b":{},"_coverageSchema":"332fd63041d2c1bcb487cc26dd0d5f7d97098a6c","hash":"88bcfb174767fbde776a432fd6cab6c4d8fe84d7"}
,"/Users/mjr/repos/mjrouser-2.0/themes/massively/theme-config.js": {"path":"/Users/mjr/repos/mjrouser-2.0/themes/massively/theme-config.js","statementMap":{"0":{"start":{"line":1,"column":0},"end":{"line":50,"column":1}}},"fnMap":{},"branchMap":{},"s":{"0":8},"f":{},"b":{},"_coverageSchema":"332fd63041d2c1bcb487cc26dd0d5f7d97098a6c","hash":"e0b880f541da7d3dcae4a3443fc1d26d41a862a6"}
,"/Users/mjr/repos/mjrouser-2.0/themes/massively/components/Background.js": {"path":"/Users/mjr/repos/mjrouser-2.0/themes/massively/components/Background.js","statementMap":{"0":{"start":{"line":6,"column":4},"end":{"line":6,"column":16}},"1":{"start":{"line":10,"column":4},"end":{"line":12,"column":6}}},"fnMap":{"0":{"name":"(anonymous_0)","decl":{"start":{"line":5,"column":2},"end":{"line":5,"column":3}},"loc":{"start":{"line":5,"column":21},"end":{"line":7,"column":3}},"line":5},"1":{"name":"(anonymous_1)","decl":{"start":{"line":9,"column":2},"end":{"line":9,"column":3}},"loc":{"start":{"line":9,"column":11},"end":{"line":13,"column":3}},"line":9}},"branchMap":{},"s":{"0":1,"1":1},"f":{"0":1,"1":1},"b":{},"_coverageSchema":"332fd63041d2c1bcb487cc26dd0d5f7d97098a6c","hash":"a2ff24f8df30fc33db06dc3a2a7286736a2d7fb4"}
,"/Users/mjr/repos/mjrouser-2.0/themes/massively/components/Copyright.js": {"path":"/Users/mjr/repos/mjrouser-2.0/themes/massively/components/Copyright.js","statementMap":{"0":{"start":{"line":6,"column":4},"end":{"line":6,"column":17}},"1":{"start":{"line":10,"column":26},"end":{"line":10,"column":43}},"2":{"start":{"line":12,"column":4},"end":{"line":20,"column":6}}},"fnMap":{"0":{"name":"(anonymous_0)","decl":{"start":{"line":5,"column":2},"end":{"line":5,"column":3}},"loc":{"start":{"line":5,"column":21},"end":{"line":7,"column":3}},"line":5},"1":{"name":"(anonymous_1)","decl":{"start":{"line":9,"column":2},"end":{"line":9,"column":3}},"loc":{"start":{"line":9,"column":11},"end":{"line":21,"column":3}},"line":9}},"branchMap":{},"s":{"0":1,"1":1,"2":1},"f":{"0":1,"1":1},"b":{},"_coverageSchema":"332fd63041d2c1bcb487cc26dd0d5f7d97098a6c","hash":"31ef88bab4675f51b087959be2e3767577a2aad5"}
,"/Users/mjr/repos/mjrouser-2.0/themes/massively/components/FeaturedPost.js": {"path":"/Users/mjr/repos/mjrouser-2.0/themes/massively/components/FeaturedPost.js","statementMap":{"0":{"start":{"line":7,"column":4},"end":{"line":19,"column":6}}},"fnMap":{"0":{"name":"(anonymous_0)","decl":{"start":{"line":5,"column":2},"end":{"line":5,"column":3}},"loc":{"start":{"line":5,"column":11},"end":{"line":20,"column":3}},"line":5}},"branchMap":{},"s":{"0":1},"f":{"0":1},"b":{},"_coverageSchema":"332fd63041d2c1bcb487cc26dd0d5f7d97098a6c","hash":"9254ec1778c6f19e77458a576606d6704e43280f"}
,"/Users/mjr/repos/mjrouser-2.0/themes/massively/components/Footer.js": {"path":"/Users/mjr/repos/mjrouser-2.0/themes/massively/components/Footer.js","statementMap":{"0":{"start":{"line":6,"column":29},"end":{"line":6,"column":46}},"1":{"start":{"line":8,"column":24},"end":{"line":14,"column":6}},"2":{"start":{"line":9,"column":6},"end":{"line":13,"column":8}},"3":{"start":{"line":16,"column":4},"end":{"line":59,"column":6}}},"fnMap":{"0":{"name":"(anonymous_0)","decl":{"start":{"line":5,"column":2},"end":{"line":5,"column":3}},"loc":{"start":{"line":5,"column":11},"end":{"line":60,"column":3}},"line":5},"1":{"name":"(anonymous_1)","decl":{"start":{"line":8,"column":53},"end":{"line":8,"column":54}},"loc":{"start":{"line":8,"column":67},"end":{"line":14,"column":5}},"line":8}},"branchMap":{},"s":{"0":1,"1":1,"2":4,"3":1},"f":{"0":1,"1":4},"b":{},"_coverageSchema":"332fd63041d2c1bcb487cc26dd0d5f7d97098a6c","hash":"db50720a4cde1d743beca38d1d38b353ed6d5b7c"}
,"/Users/mjr/repos/mjrouser-2.0/themes/massively/components/Header.js": {"path":"/Users/mjr/repos/mjrouser-2.0/themes/massively/components/Header.js","statementMap":{"0":{"start":{"line":6,"column":4},"end":{"line":6,"column":16}},"1":{"start":{"line":10,"column":21},"end":{"line":10,"column":38}},"2":{"start":{"line":12,"column":4},"end":{"line":16,"column":6}}},"fnMap":{"0":{"name":"(anonymous_0)","decl":{"start":{"line":5,"column":2},"end":{"line":5,"column":3}},"loc":{"start":{"line":5,"column":21},"end":{"line":7,"column":3}},"line":5},"1":{"name":"(anonymous_1)","decl":{"start":{"line":9,"column":2},"end":{"line":9,"column":3}},"loc":{"start":{"line":9,"column":11},"end":{"line":17,"column":3}},"line":9}},"branchMap":{},"s":{"0":1,"1":1,"2":1},"f":{"0":1,"1":1},"b":{},"_coverageSchema":"332fd63041d2c1bcb487cc26dd0d5f7d97098a6c","hash":"cf142ac75424bdd04f8de3156c6a97a2e8399c16"}
,"/Users/mjr/repos/mjrouser-2.0/themes/massively/components/Intro.js": {"path":"/Users/mjr/repos/mjrouser-2.0/themes/massively/components/Intro.js","statementMap":{"0":{"start":{"line":6,"column":4},"end":{"line":6,"column":16}},"1":{"start":{"line":10,"column":28},"end":{"line":10,"column":38}},"2":{"start":{"line":11,"column":21},"end":{"line":11,"column":38}},"3":{"start":{"line":12,"column":24},"end":{"line":12,"column":64}},"4":{"start":{"line":14,"column":4},"end":{"line":27,"column":6}}},"fnMap":{"0":{"name":"(anonymous_0)","decl":{"start":{"line":5,"column":2},"end":{"line":5,"column":3}},"loc":{"start":{"line":5,"column":21},"end":{"line":7,"column":3}},"line":5},"1":{"name":"(anonymous_1)","decl":{"start":{"line":9,"column":2},"end":{"line":9,"column":3}},"loc":{"start":{"line":9,"column":11},"end":{"line":28,"column":3}},"line":9}},"branchMap":{},"s":{"0":1,"1":1,"2":1,"3":1,"4":1},"f":{"0":1,"1":1},"b":{},"_coverageSchema":"332fd63041d2c1bcb487cc26dd0d5f7d97098a6c","hash":"f97740302ff4d4ea228496dc9c4c28e71f2fc3ef"}
,"/Users/mjr/repos/mjrouser-2.0/themes/massively/components/MenuButton.js": {"path":"/Users/mjr/repos/mjrouser-2.0/themes/massively/components/MenuButton.js","statementMap":{"0":{"start":{"line":6,"column":4},"end":{"line":6,"column":16}},"1":{"start":{"line":10,"column":4},"end":{"line":15,"column":6}},"2":{"start":{"line":14,"column":23},"end":{"line":14,"column":45}}},"fnMap":{"0":{"name":"(anonymous_0)","decl":{"start":{"line":5,"column":2},"end":{"line":5,"column":3}},"loc":{"start":{"line":5,"column":21},"end":{"line":7,"column":3}},"line":5},"1":{"name":"(anonymous_1)","decl":{"start":{"line":9,"column":2},"end":{"line":9,"column":3}},"loc":{"start":{"line":9,"column":11},"end":{"line":16,"column":3}},"line":9},"2":{"name":"(anonymous_2)","decl":{"start":{"line":14,"column":17},"end":{"line":14,"column":18}},"loc":{"start":{"line":14,"column":23},"end":{"line":14,"column":45}},"line":14}},"branchMap":{},"s":{"0":0,"1":0,"2":0},"f":{"0":0,"1":0,"2":0},"b":{},"_coverageSchema":"332fd63041d2c1bcb487cc26dd0d5f7d97098a6c","hash":"c2681b5d5d753371224841eec4cf838d29a03051"}
,"/Users/mjr/repos/mjrouser-2.0/themes/massively/components/NavPanel.js": {"path":"/Users/mjr/repos/mjrouser-2.0/themes/massively/components/NavPanel.js","statementMap":{"0":{"start":{"line":6,"column":4},"end":{"line":6,"column":17}},"1":{"start":{"line":10,"column":29},"end":{"line":10,"column":46}},"2":{"start":{"line":11,"column":18},"end":{"line":17,"column":6}},"3":{"start":{"line":12,"column":6},"end":{"line":16,"column":8}},"4":{"start":{"line":14,"column":45},"end":{"line":14,"column":68}},"5":{"start":{"line":19,"column":24},"end":{"line":25,"column":6}},"6":{"start":{"line":20,"column":6},"end":{"line":24,"column":8}},"7":{"start":{"line":27,"column":4},"end":{"line":41,"column":6}},"8":{"start":{"line":39,"column":23},"end":{"line":39,"column":46}}},"fnMap":{"0":{"name":"(anonymous_0)","decl":{"start":{"line":5,"column":2},"end":{"line":5,"column":3}},"loc":{"start":{"line":5,"column":21},"end":{"line":7,"column":3}},"line":5},"1":{"name":"(anonymous_1)","decl":{"start":{"line":9,"column":2},"end":{"line":9,"column":3}},"loc":{"start":{"line":9,"column":11},"end":{"line":42,"column":3}},"line":9},"2":{"name":"(anonymous_2)","decl":{"start":{"line":11,"column":41},"end":{"line":11,"column":42}},"loc":{"start":{"line":11,"column":55},"end":{"line":17,"column":5}},"line":11},"3":{"name":"(anonymous_3)","decl":{"start":{"line":14,"column":39},"end":{"line":14,"column":40}},"loc":{"start":{"line":14,"column":45},"end":{"line":14,"column":68}},"line":14},"4":{"name":"(anonymous_4)","decl":{"start":{"line":19,"column":53},"end":{"line":19,"column":54}},"loc":{"start":{"line":19,"column":67},"end":{"line":25,"column":5}},"line":19},"5":{"name":"(anonymous_5)","decl":{"start":{"line":39,"column":17},"end":{"line":39,"column":18}},"loc":{"start":{"line":39,"column":23},"end":{"line":39,"column":46}},"line":39}},"branchMap":{},"s":{"0":1,"1":1,"2":1,"3":3,"4":0,"5":1,"6":4,"7":1,"8":0},"f":{"0":1,"1":1,"2":3,"3":0,"4":4,"5":0},"b":{},"_coverageSchema":"332fd63041d2c1bcb487cc26dd0d5f7d97098a6c","hash":"ae5331f30cd7f4546dd2772fae0c1edfdaecbcab"}
,"/Users/mjr/repos/mjrouser-2.0/themes/massively/components/Navbar.js": {"path":"/Users/mjr/repos/mjrouser-2.0/themes/massively/components/Navbar.js","statementMap":{"0":{"start":{"line":9,"column":4},"end":{"line":9,"column":16}},"1":{"start":{"line":13,"column":28},"end":{"line":13,"column":38}},"2":{"start":{"line":14,"column":29},"end":{"line":14,"column":46}},"3":{"start":{"line":16,"column":21},"end":{"line":22,"column":6}},"4":{"start":{"line":17,"column":6},"end":{"line":21,"column":8}},"5":{"start":{"line":24,"column":24},"end":{"line":32,"column":6}},"6":{"start":{"line":25,"column":6},"end":{"line":31,"column":8}},"7":{"start":{"line":34,"column":4},"end":{"line":43,"column":6}}},"fnMap":{"0":{"name":"(anonymous_0)","decl":{"start":{"line":8,"column":2},"end":{"line":8,"column":3}},"loc":{"start":{"line":8,"column":21},"end":{"line":10,"column":3}},"line":8},"1":{"name":"(anonymous_1)","decl":{"start":{"line":12,"column":2},"end":{"line":12,"column":3}},"loc":{"start":{"line":12,"column":11},"end":{"line":44,"column":3}},"line":12},"2":{"name":"(anonymous_2)","decl":{"start":{"line":16,"column":44},"end":{"line":16,"column":45}},"loc":{"start":{"line":16,"column":58},"end":{"line":22,"column":5}},"line":16},"3":{"name":"(anonymous_3)","decl":{"start":{"line":24,"column":53},"end":{"line":24,"column":54}},"loc":{"start":{"line":24,"column":67},"end":{"line":32,"column":5}},"line":24}},"branchMap":{"0":{"loc":{"start":{"line":18,"column":33},"end":{"line":18,"column":73}},"type":"cond-expr","locations":[{"start":{"line":18,"column":60},"end":{"line":18,"column":68}},{"start":{"line":18,"column":71},"end":{"line":18,"column":73}}],"line":18}},"s":{"0":1,"1":1,"2":1,"3":1,"4":3,"5":1,"6":4,"7":1},"f":{"0":1,"1":1,"2":3,"3":4},"b":{"0":[0,3]},"_coverageSchema":"332fd63041d2c1bcb487cc26dd0d5f7d97098a6c","hash":"ab545a5582bfee348a9e23d7f4fe7d88ffdbf6b5"}
,"/Users/mjr/repos/mjrouser-2.0/themes/massively/components/Page.js": {"path":"/Users/mjr/repos/mjrouser-2.0/themes/massively/components/Page.js","statementMap":{"0":{"start":{"line":5,"column":4},"end":{"line":5,"column":17}},"1":{"start":{"line":9,"column":4},"end":{"line":19,"column":6}}},"fnMap":{"0":{"name":"(anonymous_0)","decl":{"start":{"line":4,"column":2},"end":{"line":4,"column":3}},"loc":{"start":{"line":4,"column":21},"end":{"line":6,"column":3}},"line":4},"1":{"name":"(anonymous_1)","decl":{"start":{"line":8,"column":2},"end":{"line":8,"column":3}},"loc":{"start":{"line":8,"column":11},"end":{"line":20,"column":3}},"line":8}},"branchMap":{},"s":{"0":1,"1":1},"f":{"0":1,"1":1},"b":{},"_coverageSchema":"332fd63041d2c1bcb487cc26dd0d5f7d97098a6c","hash":"9f34551d7f5c0a3ce348bc08ff9a2fe128f9737e"}
,"/Users/mjr/repos/mjrouser-2.0/themes/massively/components/Pagination.js": {"path":"/Users/mjr/repos/mjrouser-2.0/themes/massively/components/Pagination.js","statementMap":{"0":{"start":{"line":7,"column":4},"end":{"line":21,"column":6}}},"fnMap":{"0":{"name":"(anonymous_0)","decl":{"start":{"line":5,"column":2},"end":{"line":5,"column":3}},"loc":{"start":{"line":5,"column":11},"end":{"line":22,"column":3}},"line":5}},"branchMap":{},"s":{"0":1},"f":{"0":1},"b":{},"_coverageSchema":"332fd63041d2c1bcb487cc26dd0d5f7d97098a6c","hash":"fb6a3850d1490d2b676af394447469d9675d6786"}
,"/Users/mjr/repos/mjrouser-2.0/themes/massively/components/Post.js": {"path":"/Users/mjr/repos/mjrouser-2.0/themes/massively/components/Post.js","statementMap":{"0":{"start":{"line":7,"column":4},"end":{"line":7,"column":17}},"1":{"start":{"line":11,"column":4},"end":{"line":36,"column":6}}},"fnMap":{"0":{"name":"(anonymous_0)","decl":{"start":{"line":6,"column":2},"end":{"line":6,"column":3}},"loc":{"start":{"line":6,"column":21},"end":{"line":8,"column":3}},"line":6},"1":{"name":"(anonymous_1)","decl":{"start":{"line":10,"column":2},"end":{"line":10,"column":3}},"loc":{"start":{"line":10,"column":11},"end":{"line":37,"column":3}},"line":10}},"branchMap":{"0":{"loc":{"start":{"line":23,"column":22},"end":{"line":23,"column":60}},"type":"binary-expr","locations":[{"start":{"line":23,"column":22},"end":{"line":23,"column":54}},{"start":{"line":23,"column":58},"end":{"line":23,"column":60}}],"line":23},"1":{"loc":{"start":{"line":25,"column":13},"end":{"line":28,"column":21}},"type":"binary-expr","locations":[{"start":{"line":25,"column":13},"end":{"line":25,"column":28}},{"start":{"line":26,"column":14},"end":{"line":28,"column":21}}],"line":25},"2":{"loc":{"start":{"line":29,"column":13},"end":{"line":32,"column":21}},"type":"binary-expr","locations":[{"start":{"line":29,"column":13},"end":{"line":29,"column":28}},{"start":{"line":30,"column":14},"end":{"line":32,"column":21}}],"line":29}},"s":{"0":1,"1":1},"f":{"0":1,"1":1},"b":{"0":[1,0],"1":[1,0],"2":[1,0]},"_coverageSchema":"332fd63041d2c1bcb487cc26dd0d5f7d97098a6c","hash":"c27e4418222ea5cd4212375d78dfde8908fb5393"}
,"/Users/mjr/repos/mjrouser-2.0/themes/massively/components/PreviewPost.js": {"path":"/Users/mjr/repos/mjrouser-2.0/themes/massively/components/PreviewPost.js","statementMap":{"0":{"start":{"line":7,"column":4},"end":{"line":7,"column":17}},"1":{"start":{"line":11,"column":4},"end":{"line":30,"column":6}}},"fnMap":{"0":{"name":"(anonymous_0)","decl":{"start":{"line":6,"column":2},"end":{"line":6,"column":3}},"loc":{"start":{"line":6,"column":21},"end":{"line":8,"column":3}},"line":6},"1":{"name":"(anonymous_1)","decl":{"start":{"line":10,"column":2},"end":{"line":10,"column":3}},"loc":{"start":{"line":10,"column":11},"end":{"line":31,"column":3}},"line":10}},"branchMap":{},"s":{"0":1,"1":1},"f":{"0":1,"1":1},"b":{},"_coverageSchema":"332fd63041d2c1bcb487cc26dd0d5f7d97098a6c","hash":"9855ee07588ffd24806f3736d38d3d0e6c1f6c1a"}
,"/Users/mjr/repos/mjrouser-2.0/themes/massively/components/Tags.js": {"path":"/Users/mjr/repos/mjrouser-2.0/themes/massively/components/Tags.js","statementMap":{"0":{"start":{"line":6,"column":2},"end":{"line":16,"column":4}},"1":{"start":{"line":9,"column":8},"end":{"line":13,"column":13}}},"fnMap":{"0":{"name":"Tags","decl":{"start":{"line":4,"column":24},"end":{"line":4,"column":28}},"loc":{"start":{"line":4,"column":44},"end":{"line":17,"column":1}},"line":4},"1":{"name":"(anonymous_1)","decl":{"start":{"line":8,"column":16},"end":{"line":8,"column":17}},"loc":{"start":{"line":9,"column":8},"end":{"line":13,"column":13}},"line":9}},"branchMap":{"0":{"loc":{"start":{"line":4,"column":31},"end":{"line":4,"column":40}},"type":"default-arg","locations":[{"start":{"line":4,"column":38},"end":{"line":4,"column":40}}],"line":4}},"s":{"0":1,"1":0},"f":{"0":1,"1":0},"b":{"0":[1]},"_coverageSchema":"332fd63041d2c1bcb487cc26dd0d5f7d97098a6c","hash":"5ae6b077a876c03727bc69cc44d65335218437a5"}
}
