TN:
SF:/Users/mjr/repos/mjrouser-2.0/test/jestSetup.js
FN:14,(anonymous_0)
FNF:1
FNH:0
FNDA:0,(anonymous_0)
DA:6,14
DA:9,14
DA:10,14
DA:11,14
DA:14,14
DA:15,0
LF:6
LH:5
BRF:0
BRH:0
end_of_record
TN:
SF:/Users/mjr/repos/mjrouser-2.0/test/shim.js
FN:1,(anonymous_0)
FNF:1
FNH:0
FNDA:0,(anonymous_0)
DA:1,14
DA:2,0
LF:2
LH:1
BRF:0
BRH:0
end_of_record
TN:
SF:/Users/mjr/repos/mjrouser-2.0/themes/massively/Massively.js
FN:24,(anonymous_0)
FN:33,(anonymous_1)
FN:39,(anonymous_2)
FN:45,(anonymous_3)
FN:49,(anonymous_4)
FN:51,(anonymous_5)
FN:58,(anonymous_6)
FN:63,(anonymous_7)
FN:67,(anonymous_8)
FN:68,(anonymous_9)
FNF:10
FNH:2
FNDA:1,(anonymous_0)
FNDA:0,(anonymous_1)
FNDA:0,(anonymous_2)
FNDA:0,(anonymous_3)
FNDA:0,(anonymous_4)
FNDA:0,(anonymous_5)
FNDA:1,(anonymous_6)
FNDA:0,(anonymous_7)
FNDA:0,(anonymous_8)
FNDA:0,(anonymous_9)
DA:25,1
DA:26,1
DA:34,0
DA:40,0
DA:46,0
DA:50,0
DA:51,0
DA:52,0
DA:59,1
DA:63,1
DA:64,0
DA:67,0
DA:68,0
DA:72,1
LF:14
LH:5
BRF:0
BRH:0
end_of_record
TN:
SF:/Users/mjr/repos/mjrouser-2.0/themes/massively/theme-config.js
FNF:0
FNH:0
DA:1,8
LF:1
LH:1
BRF:0
BRH:0
end_of_record
TN:
SF:/Users/mjr/repos/mjrouser-2.0/themes/massively/components/Background.js
FN:5,(anonymous_0)
FN:9,(anonymous_1)
FNF:2
FNH:2
FNDA:1,(anonymous_0)
FNDA:1,(anonymous_1)
DA:6,1
DA:10,1
LF:2
LH:2
BRF:0
BRH:0
end_of_record
TN:
SF:/Users/mjr/repos/mjrouser-2.0/themes/massively/components/Copyright.js
FN:5,(anonymous_0)
FN:9,(anonymous_1)
FNF:2
FNH:2
FNDA:1,(anonymous_0)
FNDA:1,(anonymous_1)
DA:6,1
DA:10,1
DA:12,1
LF:3
LH:3
BRF:0
BRH:0
end_of_record
TN:
SF:/Users/mjr/repos/mjrouser-2.0/themes/massively/components/FeaturedPost.js
FN:5,(anonymous_0)
FNF:1
FNH:1
FNDA:1,(anonymous_0)
DA:7,1
LF:1
LH:1
BRF:0
BRH:0
end_of_record
TN:
SF:/Users/mjr/repos/mjrouser-2.0/themes/massively/components/Footer.js
FN:5,(anonymous_0)
FN:8,(anonymous_1)
FNF:2
FNH:2
FNDA:1,(anonymous_0)
FNDA:4,(anonymous_1)
DA:6,1
DA:8,1
DA:9,4
DA:16,1
LF:4
LH:4
BRF:0
BRH:0
end_of_record
TN:
SF:/Users/mjr/repos/mjrouser-2.0/themes/massively/components/Header.js
FN:5,(anonymous_0)
FN:9,(anonymous_1)
FNF:2
FNH:2
FNDA:1,(anonymous_0)
FNDA:1,(anonymous_1)
DA:6,1
DA:10,1
DA:12,1
LF:3
LH:3
BRF:0
BRH:0
end_of_record
TN:
SF:/Users/mjr/repos/mjrouser-2.0/themes/massively/components/Intro.js
FN:5,(anonymous_0)
FN:9,(anonymous_1)
FNF:2
FNH:2
FNDA:1,(anonymous_0)
FNDA:1,(anonymous_1)
DA:6,1
DA:10,1
DA:11,1
DA:12,1
DA:14,1
LF:5
LH:5
BRF:0
BRH:0
end_of_record
TN:
SF:/Users/mjr/repos/mjrouser-2.0/themes/massively/components/MenuButton.js
FN:5,(anonymous_0)
FN:9,(anonymous_1)
FN:14,(anonymous_2)
FNF:3
FNH:0
FNDA:0,(anonymous_0)
FNDA:0,(anonymous_1)
FNDA:0,(anonymous_2)
DA:6,0
DA:10,0
DA:14,0
LF:3
LH:0
BRF:0
BRH:0
end_of_record
TN:
SF:/Users/mjr/repos/mjrouser-2.0/themes/massively/components/NavPanel.js
FN:5,(anonymous_0)
FN:9,(anonymous_1)
FN:11,(anonymous_2)
FN:14,(anonymous_3)
FN:19,(anonymous_4)
FN:39,(anonymous_5)
FNF:6
FNH:4
FNDA:1,(anonymous_0)
FNDA:1,(anonymous_1)
FNDA:3,(anonymous_2)
FNDA:0,(anonymous_3)
FNDA:4,(anonymous_4)
FNDA:0,(anonymous_5)
DA:6,1
DA:10,1
DA:11,1
DA:12,3
DA:14,0
DA:19,1
DA:20,4
DA:27,1
DA:39,0
LF:9
LH:7
BRF:0
BRH:0
end_of_record
TN:
SF:/Users/mjr/repos/mjrouser-2.0/themes/massively/components/Navbar.js
FN:8,(anonymous_0)
FN:12,(anonymous_1)
FN:16,(anonymous_2)
FN:24,(anonymous_3)
FNF:4
FNH:4
FNDA:1,(anonymous_0)
FNDA:1,(anonymous_1)
FNDA:3,(anonymous_2)
FNDA:4,(anonymous_3)
DA:9,1
DA:13,1
DA:14,1
DA:16,1
DA:17,3
DA:24,1
DA:25,4
DA:34,1
LF:8
LH:8
BRDA:18,0,0,0
BRDA:18,0,1,3
BRF:2
BRH:1
end_of_record
TN:
SF:/Users/mjr/repos/mjrouser-2.0/themes/massively/components/Page.js
FN:4,(anonymous_0)
FN:8,(anonymous_1)
FNF:2
FNH:2
FNDA:1,(anonymous_0)
FNDA:1,(anonymous_1)
DA:5,1
DA:9,1
LF:2
LH:2
BRF:0
BRH:0
end_of_record
TN:
SF:/Users/mjr/repos/mjrouser-2.0/themes/massively/components/Pagination.js
FN:5,(anonymous_0)
FNF:1
FNH:1
FNDA:1,(anonymous_0)
DA:7,1
LF:1
LH:1
BRF:0
BRH:0
end_of_record
TN:
SF:/Users/mjr/repos/mjrouser-2.0/themes/massively/components/Post.js
FN:6,(anonymous_0)
FN:10,(anonymous_1)
FNF:2
FNH:2
FNDA:1,(anonymous_0)
FNDA:1,(anonymous_1)
DA:7,1
DA:11,1
LF:2
LH:2
BRDA:23,0,0,1
BRDA:23,0,1,0
BRDA:25,1,0,1
BRDA:25,1,1,0
BRDA:29,2,0,1
BRDA:29,2,1,0
BRF:6
BRH:3
end_of_record
TN:
SF:/Users/mjr/repos/mjrouser-2.0/themes/massively/components/PreviewPost.js
FN:6,(anonymous_0)
FN:10,(anonymous_1)
FNF:2
FNH:2
FNDA:1,(anonymous_0)
FNDA:1,(anonymous_1)
DA:7,1
DA:11,1
LF:2
LH:2
BRF:0
BRH:0
end_of_record
TN:
SF:/Users/mjr/repos/mjrouser-2.0/themes/massively/components/Tags.js
FN:4,Tags
FN:8,(anonymous_1)
FNF:2
FNH:1
FNDA:1,Tags
FNDA:0,(anonymous_1)
DA:6,1
DA:9,0
LF:2
LH:1
BRDA:4,0,0,1
BRF:1
BRH:1
end_of_record
